<component name="libraryTable">
  <library name="junit-jupiter-api-5.10.2">
    <CLASSES>
      <root url="jar://$USER_HOME$/Downloads/junit-jupiter-api-5.10.2.jar!/" />
      <root url="jar://$USER_HOME$/Downloads/junit-jupiter-engine-5.10.2.jar!/" />
      <root url="jar://$USER_HOME$/Downloads/junit-platform-commons-1.10.2.jar!/" />
      <root url="jar://$USER_HOME$/Downloads/junit-platform-engine-1.10.2.jar!/" />
      <root url="jar://$USER_HOME$/Downloads/junit-jupiter-params-5.10.2.jar!/" />
    </CLASSES>
    <JAVADOC />
    <SOURCES />
  </library>
</component>